Andres Marius Constantin/app/app/build/intermediates/manifest_merge_blame_file/debug/manifest-merger-blame-debug-report.txt
1<?xml version="1.0" encoding="utf-8"?>
2<manifest xmlns:android="http://schemas.android.com/apk/res/android"
3    xmlns:dist="http://schemas.android.com/apk/distribution"
4    package="com.dotsandboxes"
5    android:versionCode="5"
6    android:versionName="1.0.2" >
7
8    <uses-sdk
9        android:minSdkVersion="21"
9-->src\main\AndroidManifest.xml
10        android:targetSdkVersion="28" />
10-->src\main\AndroidManifest.xml
11
12    <dist:module dist:instant="true" />
12-->src\main\AndroidManifest.xml:7:5-40
12-->src\main\AndroidManifest.xml:7:18-37
13
14    <uses-permission android:name="android.permission.VIBRATE" />
14-->src\main\AndroidManifest.xml:9:5-66
14-->src\main\AndroidManifest.xml:9:22-63
15
16    <uses-feature android:name="android.hardware.camera" />
16-->src\main\AndroidManifest.xml:11:5-60
16-->src\main\AndroidManifest.xml:11:19-57
17
18    <uses-permission android:name="android.permission.INTERNET" />
18-->src\main\AndroidManifest.xml:13:5-67
18-->src\main\AndroidManifest.xml:13:22-64
19    <uses-permission android:name="android.permission.READ_EXTERNAL_STORAGE" />
19-->src\main\AndroidManifest.xml:14:5-80
19-->src\main\AndroidManifest.xml:14:22-77
20    <uses-permission android:name="android.permission.WRITE_EXTERNAL_STORAGE" />
20-->src\main\AndroidManifest.xml:15:5-81
20-->src\main\AndroidManifest.xml:15:22-78
21    <uses-permission android:name="android.permission.ACCESS_NETWORK_STATE" />
21-->src\main\AndroidManifest.xml:16:5-79
21-->src\main\AndroidManifest.xml:16:22-76
22    <uses-permission android:name="android.permission.SYSTEM_ALERT_WINDOW" />
22-->src\main\AndroidManifest.xml:17:5-78
22-->src\main\AndroidManifest.xml:17:22-75
23    <uses-permission android:name="android.permission.READ_PHONE_STATE" />
23-->src\main\AndroidManifest.xml:18:5-75
23-->src\main\AndroidManifest.xml:18:22-72
24    <uses-permission android:name="android.permission.CAMERA" />
24-->src\main\AndroidManifest.xml:19:5-65
24-->src\main\AndroidManifest.xml:19:22-62
25    <uses-permission android:name="android.permission.GET_ACCOUNTS" />
25-->src\main\AndroidManifest.xml:20:5-71
25-->src\main\AndroidManifest.xml:20:22-68
26    <uses-permission android:name="android.permission.WAKE_LOCK" />
26-->[com.google.firebase:firebase-measurement-connector-impl:17.0.5] AndroidManifest.xml:24:5-68
26-->[com.google.firebase:firebase-measurement-connector-impl:17.0.5] AndroidManifest.xml:24:22-65
27    <uses-permission android:name="com.google.android.finsky.permission.BIND_GET_INSTALL_REFERRER_SERVICE" /> <!-- Required by older versions of Google Play services to create IID tokens -->
27-->[com.google.firebase:firebase-analytics:16.3.0] AndroidManifest.xml:26:5-110
27-->[com.google.firebase:firebase-analytics:16.3.0] AndroidManifest.xml:26:22-107
28    <uses-permission android:name="com.google.android.c2dm.permission.RECEIVE" />
28-->[com.google.firebase:firebase-iid:17.0.3] AndroidManifest.xml:26:5-82
28-->[com.google.firebase:firebase-iid:17.0.3] AndroidManifest.xml:26:22-79
29
30    <application
30-->src\main\AndroidManifest.xml:22:5-111:19
31        android:name="com.dotsandboxes.DotsAndBoxesApplication"
31-->src\main\AndroidManifest.xml:23:9-48
32        android:allowBackup="true"
32-->src\main\AndroidManifest.xml:24:9-35
33        android:appComponentFactory="androidx.core.app.CoreComponentFactory"
33-->[androidx.core:core:1.1.0-alpha01] AndroidManifest.xml:22:18-86
34        android:debuggable="true"
35        android:icon="@drawable/ic_launcher"
35-->src\main\AndroidManifest.xml:25:9-45
36        android:label="@string/app_name"
36-->src\main\AndroidManifest.xml:26:9-41
37        android:roundIcon="@drawable/ic_launcher"
37-->src\main\AndroidManifest.xml:27:9-50
38        android:supportsRtl="true"
38-->src\main\AndroidManifest.xml:28:9-35
39        android:testOnly="true"
40        android:theme="@style/AppTheme" >
40-->src\main\AndroidManifest.xml:29:9-40
41        <activity
41-->src\main\AndroidManifest.xml:32:9-39:20
42            android:name="com.dotsandboxes.activities.PrivacyActivity"
42-->src\main\AndroidManifest.xml:33:13-55
43            android:screenOrientation="portrait"
43-->src\main\AndroidManifest.xml:34:13-49
44            android:windowSoftInputMode="stateAlwaysHidden" >
44-->src\main\AndroidManifest.xml:35:13-60
45            <intent-filter>
45-->src\main\AndroidManifest.xml:36:13-38:29
46                <action android:name=".activities.PrivacyActivity" />
46-->src\main\AndroidManifest.xml:37:17-70
46-->src\main\AndroidManifest.xml:37:25-67
47            </intent-filter>
48        </activity>
49        <!-- Splash activity -->
50        <activity
50-->src\main\AndroidManifest.xml:41:9-50:20
51            android:name="com.dotsandboxes.activities.SplashActivity"
51-->src\main\AndroidManifest.xml:42:13-54
52            android:screenOrientation="portrait"
52-->src\main\AndroidManifest.xml:43:13-49
53            android:windowSoftInputMode="stateAlwaysHidden" >
53-->src\main\AndroidManifest.xml:44:13-60
54            <intent-filter>
54-->src\main\AndroidManifest.xml:45:13-49:29
55                <action android:name="android.intent.action.MAIN" />
55-->src\main\AndroidManifest.xml:46:17-69
55-->src\main\AndroidManifest.xml:46:25-66
56
57                <category android:name="android.intent.category.LAUNCHER" />
57-->src\main\AndroidManifest.xml:48:17-77
57-->src\main\AndroidManifest.xml:48:27-74
58            </intent-filter>
59        </activity> <!-- Main Activity -->
60        <activity
60-->src\main\AndroidManifest.xml:51:9-54:63
61            android:name="com.dotsandboxes.activities.MainActivity"
61-->src\main\AndroidManifest.xml:52:13-52
62            android:screenOrientation="portrait"
62-->src\main\AndroidManifest.xml:53:13-49
63            android:windowSoftInputMode="stateAlwaysHidden" /> <!-- Game Activity -->
63-->src\main\AndroidManifest.xml:54:13-60
64        <activity
64-->src\main\AndroidManifest.xml:55:9-58:63
65            android:name="com.dotsandboxes.activities.GameActivity"
65-->src\main\AndroidManifest.xml:56:13-52
66            android:screenOrientation="portrait"
66-->src\main\AndroidManifest.xml:57:13-49
67            android:windowSoftInputMode="stateAlwaysHidden" /> <!-- How to activity -->
67-->src\main\AndroidManifest.xml:58:13-60
68        <activity
68-->src\main\AndroidManifest.xml:59:9-62:63
69            android:name="com.dotsandboxes.activities.HowToActivity"
69-->src\main\AndroidManifest.xml:60:13-53
70            android:screenOrientation="portrait"
70-->src\main\AndroidManifest.xml:61:13-49
71            android:windowSoftInputMode="stateAlwaysHidden" /> <!-- Settings Actiivty -->
71-->src\main\AndroidManifest.xml:62:13-60
72        <activity
72-->src\main\AndroidManifest.xml:63:9-71:20
73            android:name="com.dotsandboxes.activities.SettingsActivity"
73-->src\main\AndroidManifest.xml:64:13-56
74            android:screenOrientation="portrait"
74-->src\main\AndroidManifest.xml:65:13-49
75            android:theme="@style/SettingsTheme"
75-->src\main\AndroidManifest.xml:66:13-49
76            android:windowSoftInputMode="stateAlwaysHidden" >
76-->src\main\AndroidManifest.xml:67:13-60
77            <meta-data
77-->src\main\AndroidManifest.xml:68:13-70:76
78                android:name="android.support.PARENT_ACTIVITY"
78-->src\main\AndroidManifest.xml:69:17-63
79                android:value="com.dotsandboxes.activities.MainActivity" />
79-->src\main\AndroidManifest.xml:70:17-73
80        </activity> <!-- History Activity -->
81        <activity
81-->src\main\AndroidManifest.xml:72:9-75:63
82            android:name="com.dotsandboxes.activities.HistoryActivity"
82-->src\main\AndroidManifest.xml:73:13-55
83            android:screenOrientation="portrait"
83-->src\main\AndroidManifest.xml:74:13-49
84            android:windowSoftInputMode="stateAlwaysHidden" /> <!-- Profile Activity -->
84-->src\main\AndroidManifest.xml:75:13-60
85        <activity
85-->src\main\AndroidManifest.xml:76:9-79:68
86            android:name="com.dotsandboxes.activities.ProfileActivity"
86-->src\main\AndroidManifest.xml:77:13-55
87            android:screenOrientation="portrait"
87-->src\main\AndroidManifest.xml:78:13-49
88            android:windowSoftInputMode="adjustResize|adjustPan" /> <!-- Connect to facebook Activity -->
88-->src\main\AndroidManifest.xml:79:13-65
89        <activity
89-->src\main\AndroidManifest.xml:80:9-83:63
90            android:name="com.dotsandboxes.activities.ConnectToFacebookActivity"
90-->src\main\AndroidManifest.xml:81:13-65
91            android:screenOrientation="portrait"
91-->src\main\AndroidManifest.xml:82:13-49
92            android:windowSoftInputMode="stateAlwaysHidden" /> <!-- Music service -->
92-->src\main\AndroidManifest.xml:83:13-60
93        <!--
94<service
95            android:name=".services.MusicService"
96            android:enabled="true"
97            android:exported="false"
98            android:screenOrientation="portrait" />
99        -->
100        <service
100-->src\main\AndroidManifest.xml:91:9-95:52
101            android:name="com.dotsandboxes.services.MusicPlayerService"
101-->src\main\AndroidManifest.xml:92:13-56
102            android:enabled="true"
102-->src\main\AndroidManifest.xml:93:13-35
103            android:exported="false"
103-->src\main\AndroidManifest.xml:94:13-37
104            android:screenOrientation="portrait" />
104-->src\main\AndroidManifest.xml:95:13-49
105
106        <meta-data
106-->src\main\AndroidManifest.xml:97:9-99:49
107            android:name="com.google.android.gms.ads.APPLICATION_ID"
107-->src\main\AndroidManifest.xml:98:13-69
108            android:value="@string/ad_mob_id" />
108-->src\main\AndroidManifest.xml:99:13-46
109
110        <receiver android:name="com.dotsandboxes.services.MusicPlayerService.becomingNoisyReceiver" >
110-->src\main\AndroidManifest.xml:101:9-105:20
110-->src\main\AndroidManifest.xml:101:19-84
111            <intent-filter>
111-->src\main\AndroidManifest.xml:102:13-104:29
112                <action android:name="android.media.AUDIO_BECOMING_NOISY" />
112-->src\main\AndroidManifest.xml:103:17-77
112-->src\main\AndroidManifest.xml:103:25-74
113            </intent-filter>
114        </receiver>
115
116        <meta-data
116-->src\main\AndroidManifest.xml:107:9-108:45
117            android:name="com.google.android.gms.games.APP_ID"
117-->src\main\AndroidManifest.xml:107:20-70
118            android:value="@string/app_id" />
118-->src\main\AndroidManifest.xml:108:13-43
119        <meta-data
119-->src\main\AndroidManifest.xml:109:9-110:68
120            android:name="com.google.android.gms.version"
120-->src\main\AndroidManifest.xml:109:20-65
121            android:value="@integer/google_play_services_version" />
121-->src\main\AndroidManifest.xml:110:13-66
122
123        <activity
123-->[com.google.android.gms:play-services-auth:16.0.1] AndroidManifest.xml:23:9-27:75
124            android:name="com.google.android.gms.auth.api.signin.internal.SignInHubActivity"
124-->[com.google.android.gms:play-services-auth:16.0.1] AndroidManifest.xml:24:13-93
125            android:excludeFromRecents="true"
125-->[com.google.android.gms:play-services-auth:16.0.1] AndroidManifest.xml:25:13-46
126            android:exported="false"
126-->[com.google.android.gms:play-services-auth:16.0.1] AndroidManifest.xml:26:13-37
127            android:theme="@android:style/Theme.Translucent.NoTitleBar" />
127-->[com.google.android.gms:play-services-auth:16.0.1] AndroidManifest.xml:27:13-72
128        <!--
129            Service handling Google Sign-In user revocation. For apps that do not integrate with
130            Google Sign-In, this service will never be started.
131        -->
132        <service
132-->[com.google.android.gms:play-services-auth:16.0.1] AndroidManifest.xml:33:9-36:110
133            android:name="com.google.android.gms.auth.api.signin.RevocationBoundService"
133-->[com.google.android.gms:play-services-auth:16.0.1] AndroidManifest.xml:34:13-89
134            android:exported="true"
134-->[com.google.android.gms:play-services-auth:16.0.1] AndroidManifest.xml:35:13-36
135            android:permission="com.google.android.gms.auth.api.signin.permission.REVOCATION_NOTIFICATION" />
135-->[com.google.android.gms:play-services-auth:16.0.1] AndroidManifest.xml:36:13-107
136        <service
136-->[com.google.firebase:firebase-measurement-connector-impl:17.0.5] AndroidManifest.xml:27:9-31:19
137            android:name="com.google.firebase.components.ComponentDiscoveryService"
137-->[com.google.firebase:firebase-measurement-connector-impl:17.0.5] AndroidManifest.xml:27:18-89
138            android:exported="false" >
138-->[com.google.firebase:firebase-iid:17.0.3] AndroidManifest.xml:31:13-37
139            <meta-data
139-->[com.google.firebase:firebase-measurement-connector-impl:17.0.5] AndroidManifest.xml:28:13-30:85
140                android:name="com.google.firebase.components:com.google.firebase.analytics.connector.internal.AnalyticsConnectorRegistrar"
140-->[com.google.firebase:firebase-measurement-connector-impl:17.0.5] AndroidManifest.xml:29:17-139
141                android:value="com.google.firebase.components.ComponentRegistrar" />
141-->[com.google.firebase:firebase-measurement-connector-impl:17.0.5] AndroidManifest.xml:30:17-82
142            <meta-data
142-->[com.google.firebase:firebase-iid:17.0.3] AndroidManifest.xml:32:13-34:85
143                android:name="com.google.firebase.components:com.google.firebase.iid.Registrar"
143-->[com.google.firebase:firebase-iid:17.0.3] AndroidManifest.xml:33:17-96
144                android:value="com.google.firebase.components.ComponentRegistrar" />
144-->[com.google.firebase:firebase-iid:17.0.3] AndroidManifest.xml:34:17-82
145        </service>
146
147        <receiver
147-->[com.google.firebase:firebase-analytics:16.3.0] AndroidManifest.xml:29:9-33:20
148            android:name="com.google.android.gms.measurement.AppMeasurementReceiver"
148-->[com.google.firebase:firebase-analytics:16.3.0] AndroidManifest.xml:30:13-85
149            android:enabled="true"
149-->[com.google.firebase:firebase-analytics:16.3.0] AndroidManifest.xml:31:13-35
150            android:exported="false" >
150-->[com.google.firebase:firebase-analytics:16.3.0] AndroidManifest.xml:32:13-37
151        </receiver>
152        <receiver
152-->[com.google.firebase:firebase-analytics:16.3.0] AndroidManifest.xml:34:9-42:20
153            android:name="com.google.android.gms.measurement.AppMeasurementInstallReferrerReceiver"
153-->[com.google.firebase:firebase-analytics:16.3.0] AndroidManifest.xml:35:13-100
154            android:enabled="true"
154-->[com.google.firebase:firebase-analytics:16.3.0] AndroidManifest.xml:36:13-35
155            android:exported="true"
155-->[com.google.firebase:firebase-analytics:16.3.0] AndroidManifest.xml:37:13-36
156            android:permission="android.permission.INSTALL_PACKAGES" >
156-->[com.google.firebase:firebase-analytics:16.3.0] AndroidManifest.xml:38:13-69
157            <intent-filter>
157-->[com.google.firebase:firebase-analytics:16.3.0] AndroidManifest.xml:39:13-41:29
158                <action android:name="com.android.vending.INSTALL_REFERRER" />
158-->[com.google.firebase:firebase-analytics:16.3.0] AndroidManifest.xml:40:17-79
158-->[com.google.firebase:firebase-analytics:16.3.0] AndroidManifest.xml:40:25-76
159            </intent-filter>
160        </receiver>
161
162        <service
162-->[com.google.firebase:firebase-analytics:16.3.0] AndroidManifest.xml:44:9-47:40
163            android:name="com.google.android.gms.measurement.AppMeasurementService"
163-->[com.google.firebase:firebase-analytics:16.3.0] AndroidManifest.xml:45:13-84
164            android:enabled="true"
164-->[com.google.firebase:firebase-analytics:16.3.0] AndroidManifest.xml:46:13-35
165            android:exported="false" />
165-->[com.google.firebase:firebase-analytics:16.3.0] AndroidManifest.xml:47:13-37
166        <service
166-->[com.google.firebase:firebase-analytics:16.3.0] AndroidManifest.xml:48:9-52:72
167            android:name="com.google.android.gms.measurement.AppMeasurementJobService"
167-->[com.google.firebase:firebase-analytics:16.3.0] AndroidManifest.xml:49:13-87
168            android:enabled="true"
168-->[com.google.firebase:firebase-analytics:16.3.0] AndroidManifest.xml:50:13-35
169            android:exported="false"
169-->[com.google.firebase:firebase-analytics:16.3.0] AndroidManifest.xml:51:13-37
170            android:permission="android.permission.BIND_JOB_SERVICE" /> <!-- Include the AdActivity and InAppPurchaseActivity configChanges and themes. -->
170-->[com.google.firebase:firebase-analytics:16.3.0] AndroidManifest.xml:52:13-69
171        <activity
171-->[com.google.android.gms:play-services-ads-lite:17.1.3] AndroidManifest.xml:29:9-33:64
172            android:name="com.google.android.gms.ads.AdActivity"
172-->[com.google.android.gms:play-services-ads-lite:17.1.3] AndroidManifest.xml:30:13-65
173            android:configChanges="keyboard|keyboardHidden|orientation|screenLayout|uiMode|screenSize|smallestScreenSize"
173-->[com.google.android.gms:play-services-ads-lite:17.1.3] AndroidManifest.xml:31:13-122
174            android:exported="false"
174-->[com.google.android.gms:play-services-ads-lite:17.1.3] AndroidManifest.xml:32:13-37
175            android:theme="@android:style/Theme.Translucent" />
175-->[com.google.android.gms:play-services-ads-lite:17.1.3] AndroidManifest.xml:33:13-61
176
177        <provider
177-->[com.google.android.gms:play-services-ads-lite:17.1.3] AndroidManifest.xml:35:9-39:39
178            android:name="com.google.android.gms.ads.MobileAdsInitProvider"
178-->[com.google.android.gms:play-services-ads-lite:17.1.3] AndroidManifest.xml:36:13-76
179            android:authorities="com.dotsandboxes.mobileadsinitprovider"
179-->[com.google.android.gms:play-services-ads-lite:17.1.3] AndroidManifest.xml:37:13-73
180            android:exported="false"
180-->[com.google.android.gms:play-services-ads-lite:17.1.3] AndroidManifest.xml:38:13-37
181            android:initOrder="100" />
181-->[com.google.android.gms:play-services-ads-lite:17.1.3] AndroidManifest.xml:39:13-36
182
183        <receiver
183-->[com.google.firebase:firebase-iid:17.0.3] AndroidManifest.xml:37:9-44:20
184            android:name="com.google.firebase.iid.FirebaseInstanceIdReceiver"
184-->[com.google.firebase:firebase-iid:17.0.3] AndroidManifest.xml:38:13-78
185            android:exported="true"
185-->[com.google.firebase:firebase-iid:17.0.3] AndroidManifest.xml:39:13-36
186            android:permission="com.google.android.c2dm.permission.SEND" >
186-->[com.google.firebase:firebase-iid:17.0.3] AndroidManifest.xml:40:13-73
187            <intent-filter>
187-->[com.google.firebase:firebase-iid:17.0.3] AndroidManifest.xml:41:13-43:29
188                <action android:name="com.google.android.c2dm.intent.RECEIVE" />
188-->[com.google.firebase:firebase-iid:17.0.3] AndroidManifest.xml:42:17-81
188-->[com.google.firebase:firebase-iid:17.0.3] AndroidManifest.xml:42:25-78
189            </intent-filter>
190        </receiver>
191        <!--
192             FirebaseInstanceIdService performs security checks at runtime,
193             no need for explicit permissions despite exported="true"
194        -->
195        <service
195-->[com.google.firebase:firebase-iid:17.0.3] AndroidManifest.xml:50:9-56:19
196            android:name="com.google.firebase.iid.FirebaseInstanceIdService"
196-->[com.google.firebase:firebase-iid:17.0.3] AndroidManifest.xml:51:13-77
197            android:exported="true" >
197-->[com.google.firebase:firebase-iid:17.0.3] AndroidManifest.xml:52:13-36
198            <intent-filter android:priority="-500" >
198-->[com.google.firebase:firebase-iid:17.0.3] AndroidManifest.xml:53:13-55:29
198-->[com.google.firebase:firebase-iid:17.0.3] AndroidManifest.xml:53:28-51
199                <action android:name="com.google.firebase.INSTANCE_ID_EVENT" />
199-->[com.google.firebase:firebase-iid:17.0.3] AndroidManifest.xml:54:17-80
199-->[com.google.firebase:firebase-iid:17.0.3] AndroidManifest.xml:54:25-77
200            </intent-filter>
201        </service>
202
203        <activity
203-->[com.google.android.gms:play-services-base:16.0.1] AndroidManifest.xml:23:9-26:75
204            android:name="com.google.android.gms.common.api.GoogleApiActivity"
204-->[com.google.android.gms:play-services-base:16.0.1] AndroidManifest.xml:24:13-79
205            android:exported="false"
205-->[com.google.android.gms:play-services-base:16.0.1] AndroidManifest.xml:25:13-37
206            android:theme="@android:style/Theme.Translucent.NoTitleBar" />
206-->[com.google.android.gms:play-services-base:16.0.1] AndroidManifest.xml:26:13-72
207
208        <provider
208-->[com.google.firebase:firebase-common:16.0.3] AndroidManifest.xml:10:9-14:39
209            android:name="com.google.firebase.provider.FirebaseInitProvider"
209-->[com.google.firebase:firebase-common:16.0.3] AndroidManifest.xml:11:13-77
210            android:authorities="com.dotsandboxes.firebaseinitprovider"
210-->[com.google.firebase:firebase-common:16.0.3] AndroidManifest.xml:12:13-72
211            android:exported="false"
211-->[com.google.firebase:firebase-common:16.0.3] AndroidManifest.xml:13:13-37
212            android:initOrder="100" />
212-->[com.google.firebase:firebase-common:16.0.3] AndroidManifest.xml:14:13-36
213
214        <service
214-->[androidx.room:room-runtime:2.1.0-alpha03] AndroidManifest.xml:23:9-25:40
215            android:name="androidx.room.MultiInstanceInvalidationService"
215-->[androidx.room:room-runtime:2.1.0-alpha03] AndroidManifest.xml:24:13-74
216            android:exported="false" />
216-->[androidx.room:room-runtime:2.1.0-alpha03] AndroidManifest.xml:25:13-37
217    </application>
218
219</manifest>